
debug 2023/04/11 17:09:58 41
debug 2023/04/11 17:12:32 0
debug 2023/04/11 17:13:30 0
debug 2023/04/11 17:13:37 0
debug 2023/04/11 17:13:37 0
debug 2023/04/11 17:13:40 0
debug 2023/04/11 17:13:40 0
debug 2023/04/12 08:04:12 0
debug 2023/04/12 08:05:22 0
debug 2023/04/12 09:16:46 0
debug 2023/04/12 09:16:48 0
debug 2023/04/12 09:16:48 0
debug 2023/04/12 09:16:49 0
debug 2023/04/12 09:16:50 0
debug 2023/04/12 09:16:53 0
debug 2023/04/12 09:16:55 0
debug 2023/04/12 09:16:56 0
debug 2023/04/12 09:16:57 0
debug 2023/04/12 09:16:58 0
debug 2023/04/12 09:16:59 0
debug 2023/04/12 09:17:00 0
debug 2023/04/12 09:17:01 0
debug 2023/04/12 09:17:01 0
debug 2023/04/12 15:14:28 0
debug 2023/04/12 15:16:20 0
debug 2023/04/12 17:38:55 0
debug 2023/04/12 17:39:42 operation error CloudWatch Logs: DescribeLogStreams, exceeded maximum number of attempts, 3, https response error StatusCode: 400, RequestID: 2d984100-bbcf-44c0-8daa-1523db382bee, api error ThrottlingException: Rate exceeded
debug 2023/04/12 17:39:51 0
debug 2023/04/12 17:42:37 0
debug 2023/04/12 21:58:36 0
debug 2023/04/12 22:18:14 0
debug 2023/04/12 22:29:13 0
debug 2023/04/13 08:22:06 0
debug 2023/04/13 08:30:15 0
debug 2023/04/13 08:53:52 0
debug 2023/04/13 08:53:57 0
debug 2023/04/13 08:56:06 0
debug 2023/04/13 08:56:49 0
debug 2023/04/13 09:21:20 0
debug 2023/04/13 09:28:46 0
debug 2023/04/13 09:28:49 0
debug 2023/04/13 09:28:50 0
debug 2023/04/13 09:28:53 0
debug 2023/04/13 09:28:56 0
debug 2023/04/13 09:28:57 0
debug 2023/04/13 09:28:57 0
debug 2023/04/13 09:28:57 0
debug 2023/04/13 09:28:58 0
debug 2023/04/13 09:29:03 0
debug 2023/04/13 09:29:04 0
debug 2023/04/13 09:29:05 0
debug 2023/04/13 09:29:06 0
debug 2023/04/13 09:29:08 0
debug 2023/04/13 09:29:11 0
debug 2023/04/13 09:29:15 0
debug 2023/04/13 09:29:15 0
debug 2023/04/13 09:30:37 0
debug 2023/04/13 09:30:40 0
debug 2023/04/13 09:30:41 0
debug 2023/04/13 12:15:04 0
debug 2023/04/13 14:56:05 0
debug 2023/04/13 14:56:07 0
debug 2023/04/13 14:56:07 0
debug 2023/04/13 14:56:11 0
debug 2023/04/13 20:07:50 0
debug 2023/04/13 20:27:26 operation error CloudWatch Logs: DescribeLogGroups, https response error StatusCode: 400, RequestID: bfc60cc9-a5b1-444c-9deb-2efe6f319d33, api error ExpiredTokenException: The security token included in the request is expired
debug 2023/04/13 20:27:59 0
debug 2023/04/13 20:28:10 operation error CloudWatch Logs: DescribeLogStreams, exceeded maximum number of attempts, 3, https response error StatusCode: 400, RequestID: 6c4bd19a-5545-48f6-a14d-3921d2c9cf96, api error ThrottlingException: Rate exceeded
debug 2023/04/13 20:28:14 0
debug 2023/04/13 20:29:26 0
debug 2023/04/13 20:32:20 0
debug 2023/04/13 20:33:58 0
debug 2023/04/13 20:57:38 0
debug 2023/04/13 21:14:26 0
debug 2023/04/14 07:53:42 0
debug 2023/04/14 08:26:12 operation error CloudWatch Logs: DescribeLogGroups, https response error StatusCode: 400, RequestID: 3e0308a8-75b7-4d12-9dd8-2551e0e62c05, api error ExpiredTokenException: The security token included in the request is expired
debug 2023/04/14 08:26:33 operation error CloudWatch Logs: DescribeLogGroups, https response error StatusCode: 400, RequestID: 7521398f-7fb2-4748-aabf-a632b004f2e7, InvalidParameterException: 1 validation error detected: Value '1000' at 'limit' failed to satisfy constraint: Member must have value less than or equal to 50
debug 2023/04/14 16:09:37 0
debug 2023/04/16 16:03:34 0
debug 2023/04/18 17:03:41 0
debug 2023/04/19 19:09:27 0
debug 2023/04/19 19:12:50 0
debug 2023/04/19 19:16:04 0
debug 2023/04/19 19:17:47 0
debug 2023/04/19 19:21:07 0
debug 2023/04/19 19:21:14 0
debug 2023/04/19 19:25:12 0
debug 2023/04/19 19:26:13 0
debug 2023/04/19 19:29:19 0
debug 2023/04/19 20:59:49 0
debug 2023/04/19 21:01:07 0
debug 2023/04/19 21:04:52 0
debug 2023/04/19 21:19:17 0
debug 2023/04/19 21:23:45 0
debug 2023/04/19 21:25:32 0
debug 2023/04/19 21:27:23 0
debug 2023/04/19 21:28:10 0
debug 2023/04/19 21:29:30 0
debug 2023/04/20 12:10:38 0
debug 2023/04/20 12:12:02 0
debug 2023/04/21 20:44:17 operation error CloudWatch Logs: DescribeLogStreams, exceeded maximum number of attempts, 3, https response error StatusCode: 400, RequestID: c83f09d8-9dbf-4fc4-9be3-3283f993ea4c, api error ThrottlingException: Rate exceeded
debug 2023/04/21 21:27:41 operation error CloudWatch Logs: DescribeLogStreams, exceeded maximum number of attempts, 3, https response error StatusCode: 400, RequestID: e8511b76-075c-48d7-b7a5-f415777c8cad, api error ThrottlingException: Rate exceeded
debug 2023/04/21 21:27:52 operation error CloudWatch Logs: DescribeLogStreams, exceeded maximum number of attempts, 3, https response error StatusCode: 400, RequestID: f9ea3ec4-8341-43e5-806d-8e9dbfe16b46, api error ThrottlingException: Rate exceeded
debug 2023/04/24 13:35:02 operation error CloudWatch Logs: DescribeLogStreams, exceeded maximum number of attempts, 3, https response error StatusCode: 400, RequestID: 7e9bb835-6086-439b-abb4-9f1af949d0bc, api error ThrottlingException: Rate exceeded
debug 2023/04/24 13:59:54 operation error CloudWatch Logs: DescribeLogStreams, exceeded maximum number of attempts, 3, https response error StatusCode: 400, RequestID: d8c05dbb-b9d9-43a3-b098-b9a6cf40cb8c, api error ThrottlingException: Rate exceeded
debug 2023/04/24 14:00:11 operation error CloudWatch Logs: DescribeLogStreams, exceeded maximum number of attempts, 3, https response error StatusCode: 400, RequestID: ef0582fa-ef68-4728-9c9f-7f4f2442b94d, api error ThrottlingException: Rate exceeded
debug 2023/04/25 10:43:18 operation error CloudWatch Logs: DescribeLogStreams, https response error StatusCode: 400, RequestID: 31beae38-8a5b-4f42-8c63-056e58924696, api error ExpiredTokenException: The security token included in the request is expired
debug 2023/04/25 11:35:19 operation error CloudWatch Logs: DescribeLogStreams, exceeded maximum number of attempts, 3, https response error StatusCode: 400, RequestID: 5510cede-37a7-4186-a496-a6076ed3c6fe, api error ThrottlingException: Rate exceeded
debug 2023/04/25 11:35:30 operation error CloudWatch Logs: DescribeLogStreams, exceeded maximum number of attempts, 3, https response error StatusCode: 400, RequestID: efbc22c6-e6d4-4dea-9180-af9a89669794, api error ThrottlingException: Rate exceeded
debug 2023/04/25 11:44:19 K
debug 2023/04/25 11:44:19 K
debug 2023/04/25 11:44:19 K
debug 2023/04/25 11:44:20 K
debug 2023/04/25 11:44:20 K
debug 2023/04/25 11:44:21 K
debug 2023/04/25 11:44:22 K
debug 2023/04/25 11:44:22 K
debug 2023/04/25 11:44:22 K
debug 2023/04/25 11:44:32 K
debug 2023/04/25 11:44:33 K
debug 2023/04/25 11:44:33 K
debug 2023/04/25 11:51:10 operation error CloudWatch Logs: DescribeLogStreams, exceeded maximum number of attempts, 3, https response error StatusCode: 400, RequestID: b49719f0-ec05-41da-83d8-cca46ce17785, api error ThrottlingException: Rate exceeded
debug 2023/04/25 12:07:59 K
debug 2023/04/25 12:07:59 K
debug 2023/04/25 12:07:59 K
debug 2023/04/26 16:18:28 K
debug 2023/04/26 16:18:29 K
debug 2023/04/26 16:18:29 K
debug 2023/04/26 16:18:29 K
debug 2023/04/26 16:18:31 K
debug 2023/04/26 16:18:32 K
debug 2023/04/26 16:18:32 K
debug 2023/04/26 16:18:32 K
debug 2023/04/26 16:18:33 K
debug 2023/04/26 16:18:33 K
debug 2023/04/26 16:18:37 K
debug 2023/04/26 16:18:37 K
debug 2023/04/26 16:18:38 K
debug 2023/04/26 16:18:38 K
debug 2023/04/26 16:18:39 K
debug 2023/04/26 16:18:39 K
debug 2023/04/26 16:18:40 K
debug 2023/04/26 16:18:40 K
debug 2023/04/26 16:18:41 K
debug 2023/04/26 16:21:13 J
debug 2023/04/26 16:21:14 J
debug 2023/04/26 16:21:14 J
debug 2023/04/26 16:21:14 J
debug 2023/04/26 16:21:14 J
debug 2023/04/26 16:21:14 J
debug 2023/04/26 16:21:15 J
debug 2023/04/26 16:21:15 J
debug 2023/04/26 16:21:15 J
debug 2023/04/26 16:21:15 K
debug 2023/04/26 16:21:16 K
debug 2023/04/26 16:21:16 K
debug 2023/04/26 16:21:16 K
debug 2023/04/26 16:21:16 J
debug 2023/04/26 16:21:16 J
debug 2023/04/26 16:21:17 J
debug 2023/04/26 16:21:17 J
debug 2023/04/26 16:21:17 J
debug 2023/04/26 16:21:18 J
debug 2023/04/26 16:21:18 J
debug 2023/04/26 16:21:18 J
debug 2023/04/26 16:21:18 J
debug 2023/04/26 16:21:18 J
debug 2023/04/26 16:21:18 J
debug 2023/04/26 16:21:18 J
debug 2023/04/26 16:21:18 J
debug 2023/04/26 16:21:18 K
debug 2023/04/26 16:21:19 K
debug 2023/04/26 16:21:19 K
debug 2023/04/26 16:21:19 K
debug 2023/04/26 16:21:19 J
debug 2023/04/26 16:21:19 J
debug 2023/04/26 16:21:20 J
debug 2023/04/26 16:21:20 J
debug 2023/04/26 16:21:20 J
debug 2023/04/26 16:21:20 J
debug 2023/04/26 16:21:20 J
debug 2023/04/26 16:21:21 J
debug 2023/04/26 16:21:21 J
debug 2023/04/26 16:21:21 J
debug 2023/04/26 16:30:02 J
debug 2023/04/26 16:30:03 J
debug 2023/04/26 16:30:03 J
debug 2023/04/26 16:30:03 J
debug 2023/04/26 16:30:03 K
debug 2023/04/26 16:30:03 K
debug 2023/04/26 16:30:06 K
debug 2023/04/26 16:30:06 K
debug 2023/04/26 16:30:06 K
debug 2023/04/26 16:30:06 K
debug 2023/04/26 16:30:06 K
debug 2023/04/26 16:30:07 K
debug 2023/04/26 16:30:07 K
debug 2023/04/26 16:30:07 K
debug 2023/04/26 16:30:07 K
debug 2023/04/26 16:30:07 K
debug 2023/04/26 16:30:08 J
debug 2023/04/26 16:30:08 J
debug 2023/04/26 16:30:08 J
debug 2023/04/26 16:30:11 pgdown
debug 2023/04/26 16:30:11 pgup
debug 2023/04/26 16:30:12 pgup
debug 2023/04/26 16:30:12 pgdown
debug 2023/04/26 16:30:13 ctrl+u
debug 2023/04/26 16:30:14 ctrl+u
debug 2023/04/26 16:30:14 ctrl+d
debug 2023/04/26 16:30:14 ctrl+d
debug 2023/04/26 16:31:40 J
